
========================[ Sep 12, 2016  1:03 PM ]========================
Version 2.2.26 [Sep-21-2011]
Started database file "/home/marco/Desktop/TOOL_PREDICTION/SherLoc2/tmp//sl1473678185.36test.seq"
Formatted 1 sequences in volume 0
SUCCESS: formatted database /home/marco/Desktop/TOOL_PREDICTION/SherLoc2/tmp//sl1473678185.36test.seq

========================[ Sep 12, 2016  1:03 PM ]========================
Version 2.2.26 [Sep-21-2011]
Started database file "/home/marco/Desktop/TOOL_PREDICTION/MultiLoc2/tmp//ml1473678197.21test.seq"
Formatted 1 sequences in volume 0
SUCCESS: formatted database /home/marco/Desktop/TOOL_PREDICTION/MultiLoc2/tmp//ml1473678197.21test.seq

========================[ Sep 12, 2016  1:17 PM ]========================
Version 2.2.26 [Sep-21-2011]
Started database file "/home/marco/Desktop/TOOL_PREDICTION/SherLoc2/tmp//sl1473679065.42test.seq"
Formatted 1 sequences in volume 0
SUCCESS: formatted database /home/marco/Desktop/TOOL_PREDICTION/SherLoc2/tmp//sl1473679065.42test.seq

========================[ Sep 12, 2016  1:17 PM ]========================
Version 2.2.26 [Sep-21-2011]
Started database file "/home/marco/Desktop/TOOL_PREDICTION/MultiLoc2/tmp//ml1473679076.99test.seq"
Formatted 1 sequences in volume 0
SUCCESS: formatted database /home/marco/Desktop/TOOL_PREDICTION/MultiLoc2/tmp//ml1473679076.99test.seq

========================[ Sep 12, 2016  1:19 PM ]========================
Version 2.2.26 [Sep-21-2011]
Started database file "/home/marco/Desktop/TOOL_PREDICTION/SherLoc2/tmp//sl1473679180.56test.seq"
Formatted 1 sequences in volume 0
SUCCESS: formatted database /home/marco/Desktop/TOOL_PREDICTION/SherLoc2/tmp//sl1473679180.56test.seq

========================[ Sep 12, 2016  1:19 PM ]========================
Version 2.2.26 [Sep-21-2011]
Started database file "/home/marco/Desktop/TOOL_PREDICTION/MultiLoc2/tmp//ml1473679191.94test.seq"
Formatted 1 sequences in volume 0
SUCCESS: formatted database /home/marco/Desktop/TOOL_PREDICTION/MultiLoc2/tmp//ml1473679191.94test.seq

========================[ Sep 13, 2016  9:17 AM ]========================
Version 2.2.26 [Sep-21-2011]
Started database file "/home/marco/Desktop/TOOL_PREDICTION/SherLoc2/tmp//sl1473751047.68test.seq"
Formatted 1 sequences in volume 0
SUCCESS: formatted database /home/marco/Desktop/TOOL_PREDICTION/SherLoc2/tmp//sl1473751047.68test.seq

========================[ Sep 13, 2016  9:17 AM ]========================
Version 2.2.26 [Sep-21-2011]
Started database file "/home/marco/Desktop/TOOL_PREDICTION/MultiLoc2/tmp//ml1473751059.36test.seq"
Formatted 1 sequences in volume 0
SUCCESS: formatted database /home/marco/Desktop/TOOL_PREDICTION/MultiLoc2/tmp//ml1473751059.36test.seq

========================[ Sep 13, 2016  9:18 AM ]========================
Version 2.2.26 [Sep-21-2011]
Started database file "/home/marco/Desktop/TOOL_PREDICTION/SherLoc2/tmp//sl1473751106.89test.seq"
Formatted 1 sequences in volume 0
SUCCESS: formatted database /home/marco/Desktop/TOOL_PREDICTION/SherLoc2/tmp//sl1473751106.89test.seq

========================[ Sep 13, 2016  9:18 AM ]========================
Version 2.2.26 [Sep-21-2011]
Started database file "/home/marco/Desktop/TOOL_PREDICTION/MultiLoc2/tmp//ml1473751114.83test.seq"
Formatted 1 sequences in volume 0
SUCCESS: formatted database /home/marco/Desktop/TOOL_PREDICTION/MultiLoc2/tmp//ml1473751114.83test.seq

========================[ Sep 13, 2016  9:19 AM ]========================
Version 2.2.26 [Sep-21-2011]
Started database file "/home/marco/Desktop/TOOL_PREDICTION/SherLoc2/tmp//sl1473751160.06test.seq"
Formatted 1 sequences in volume 0
SUCCESS: formatted database /home/marco/Desktop/TOOL_PREDICTION/SherLoc2/tmp//sl1473751160.06test.seq

========================[ Sep 13, 2016  9:19 AM ]========================
Version 2.2.26 [Sep-21-2011]
Started database file "/home/marco/Desktop/TOOL_PREDICTION/MultiLoc2/tmp//ml1473751172.12test.seq"
Formatted 1 sequences in volume 0
SUCCESS: formatted database /home/marco/Desktop/TOOL_PREDICTION/MultiLoc2/tmp//ml1473751172.12test.seq

========================[ Sep 13, 2016  9:20 AM ]========================
Version 2.2.26 [Sep-21-2011]
Started database file "/home/marco/Desktop/TOOL_PREDICTION/SherLoc2/tmp//sl1473751218.97test.seq"
Formatted 1 sequences in volume 0
SUCCESS: formatted database /home/marco/Desktop/TOOL_PREDICTION/SherLoc2/tmp//sl1473751218.97test.seq

========================[ Sep 13, 2016  9:20 AM ]========================
Version 2.2.26 [Sep-21-2011]
Started database file "/home/marco/Desktop/TOOL_PREDICTION/MultiLoc2/tmp//ml1473751231.37test.seq"
Formatted 1 sequences in volume 0
SUCCESS: formatted database /home/marco/Desktop/TOOL_PREDICTION/MultiLoc2/tmp//ml1473751231.37test.seq

========================[ Sep 13, 2016  9:52 AM ]========================
Version 2.2.26 [Sep-21-2011]
Started database file "/home/marco/Desktop/TOOL_PREDICTION/SherLoc2/tmp//sl1473753156.29test.seq"
Formatted 1 sequences in volume 0
SUCCESS: formatted database /home/marco/Desktop/TOOL_PREDICTION/SherLoc2/tmp//sl1473753156.29test.seq

========================[ Sep 13, 2016  9:52 AM ]========================
Version 2.2.26 [Sep-21-2011]
Started database file "/home/marco/Desktop/TOOL_PREDICTION/MultiLoc2/tmp//ml1473753168.4test.seq"
Formatted 1 sequences in volume 0
SUCCESS: formatted database /home/marco/Desktop/TOOL_PREDICTION/MultiLoc2/tmp//ml1473753168.4test.seq

========================[ Sep 13, 2016  9:53 AM ]========================
Version 2.2.26 [Sep-21-2011]
Started database file "/home/marco/Desktop/TOOL_PREDICTION/SherLoc2/tmp//sl1473753217.73test.seq"
Formatted 1 sequences in volume 0
SUCCESS: formatted database /home/marco/Desktop/TOOL_PREDICTION/SherLoc2/tmp//sl1473753217.73test.seq

========================[ Sep 13, 2016  9:53 AM ]========================
Version 2.2.26 [Sep-21-2011]
Started database file "/home/marco/Desktop/TOOL_PREDICTION/MultiLoc2/tmp//ml1473753225.14test.seq"
Formatted 1 sequences in volume 0
SUCCESS: formatted database /home/marco/Desktop/TOOL_PREDICTION/MultiLoc2/tmp//ml1473753225.14test.seq

========================[ Sep 13, 2016  9:54 AM ]========================
Version 2.2.26 [Sep-21-2011]
Started database file "/home/marco/Desktop/TOOL_PREDICTION/SherLoc2/tmp//sl1473753271.08test.seq"
Formatted 1 sequences in volume 0
SUCCESS: formatted database /home/marco/Desktop/TOOL_PREDICTION/SherLoc2/tmp//sl1473753271.08test.seq

========================[ Sep 13, 2016  9:54 AM ]========================
Version 2.2.26 [Sep-21-2011]
Started database file "/home/marco/Desktop/TOOL_PREDICTION/MultiLoc2/tmp//ml1473753283.18test.seq"
Formatted 1 sequences in volume 0
SUCCESS: formatted database /home/marco/Desktop/TOOL_PREDICTION/MultiLoc2/tmp//ml1473753283.18test.seq

========================[ Sep 13, 2016  9:55 AM ]========================
Version 2.2.26 [Sep-21-2011]
Started database file "/home/marco/Desktop/TOOL_PREDICTION/SherLoc2/tmp//sl1473753330.42test.seq"
Formatted 1 sequences in volume 0
SUCCESS: formatted database /home/marco/Desktop/TOOL_PREDICTION/SherLoc2/tmp//sl1473753330.42test.seq

========================[ Sep 13, 2016  9:55 AM ]========================
Version 2.2.26 [Sep-21-2011]
Started database file "/home/marco/Desktop/TOOL_PREDICTION/MultiLoc2/tmp//ml1473753342.93test.seq"
Formatted 1 sequences in volume 0
SUCCESS: formatted database /home/marco/Desktop/TOOL_PREDICTION/MultiLoc2/tmp//ml1473753342.93test.seq

========================[ Sep 13, 2016  3:53 PM ]========================
Version 2.2.26 [Sep-21-2011]
Started database file "/home/marco/Desktop/TOOL_PREDICTION/SherLoc2/tmp//sl1473774838.76test.seq"
Formatted 1 sequences in volume 0
SUCCESS: formatted database /home/marco/Desktop/TOOL_PREDICTION/SherLoc2/tmp//sl1473774838.76test.seq

========================[ Sep 13, 2016  3:54 PM ]========================
Version 2.2.26 [Sep-21-2011]
Started database file "/home/marco/Desktop/TOOL_PREDICTION/MultiLoc2/tmp//ml1473774850.7test.seq"
Formatted 1 sequences in volume 0
SUCCESS: formatted database /home/marco/Desktop/TOOL_PREDICTION/MultiLoc2/tmp//ml1473774850.7test.seq

========================[ Sep 13, 2016  3:54 PM ]========================
Version 2.2.26 [Sep-21-2011]
Started database file "/home/marco/Desktop/TOOL_PREDICTION/SherLoc2/tmp//sl1473774897.85test.seq"
Formatted 1 sequences in volume 0
SUCCESS: formatted database /home/marco/Desktop/TOOL_PREDICTION/SherLoc2/tmp//sl1473774897.85test.seq

========================[ Sep 13, 2016  3:55 PM ]========================
Version 2.2.26 [Sep-21-2011]
Started database file "/home/marco/Desktop/TOOL_PREDICTION/MultiLoc2/tmp//ml1473774905.25test.seq"
Formatted 1 sequences in volume 0
SUCCESS: formatted database /home/marco/Desktop/TOOL_PREDICTION/MultiLoc2/tmp//ml1473774905.25test.seq

========================[ Sep 13, 2016  3:55 PM ]========================
Version 2.2.26 [Sep-21-2011]
Started database file "/home/marco/Desktop/TOOL_PREDICTION/SherLoc2/tmp//sl1473774950.58test.seq"
Formatted 1 sequences in volume 0
SUCCESS: formatted database /home/marco/Desktop/TOOL_PREDICTION/SherLoc2/tmp//sl1473774950.58test.seq

========================[ Sep 13, 2016  3:56 PM ]========================
Version 2.2.26 [Sep-21-2011]
Started database file "/home/marco/Desktop/TOOL_PREDICTION/MultiLoc2/tmp//ml1473774962.61test.seq"
Formatted 1 sequences in volume 0
SUCCESS: formatted database /home/marco/Desktop/TOOL_PREDICTION/MultiLoc2/tmp//ml1473774962.61test.seq

========================[ Sep 13, 2016  3:56 PM ]========================
Version 2.2.26 [Sep-21-2011]
Started database file "/home/marco/Desktop/TOOL_PREDICTION/SherLoc2/tmp//sl1473775010.32test.seq"
Formatted 1 sequences in volume 0
SUCCESS: formatted database /home/marco/Desktop/TOOL_PREDICTION/SherLoc2/tmp//sl1473775010.32test.seq

========================[ Sep 13, 2016  3:57 PM ]========================
Version 2.2.26 [Sep-21-2011]
Started database file "/home/marco/Desktop/TOOL_PREDICTION/MultiLoc2/tmp//ml1473775022.83test.seq"
Formatted 1 sequences in volume 0
SUCCESS: formatted database /home/marco/Desktop/TOOL_PREDICTION/MultiLoc2/tmp//ml1473775022.83test.seq

========================[ Sep 13, 2016  4:04 PM ]========================
Version 2.2.26 [Sep-21-2011]
Started database file "/home/marco/Desktop/TOOL_PREDICTION/SherLoc2/tmp//sl1473775473.5test.seq"
Formatted 1 sequences in volume 0
SUCCESS: formatted database /home/marco/Desktop/TOOL_PREDICTION/SherLoc2/tmp//sl1473775473.5test.seq

========================[ Sep 13, 2016  4:04 PM ]========================
Version 2.2.26 [Sep-21-2011]
Started database file "/home/marco/Desktop/TOOL_PREDICTION/MultiLoc2/tmp//ml1473775485.16test.seq"
Formatted 1 sequences in volume 0
SUCCESS: formatted database /home/marco/Desktop/TOOL_PREDICTION/MultiLoc2/tmp//ml1473775485.16test.seq

========================[ Sep 13, 2016  4:05 PM ]========================
Version 2.2.26 [Sep-21-2011]
Started database file "/home/marco/Desktop/TOOL_PREDICTION/SherLoc2/tmp//sl1473775532.67test.seq"
Formatted 1 sequences in volume 0
SUCCESS: formatted database /home/marco/Desktop/TOOL_PREDICTION/SherLoc2/tmp//sl1473775532.67test.seq

========================[ Sep 13, 2016  4:05 PM ]========================
Version 2.2.26 [Sep-21-2011]
Started database file "/home/marco/Desktop/TOOL_PREDICTION/MultiLoc2/tmp//ml1473775540.08test.seq"
Formatted 1 sequences in volume 0
SUCCESS: formatted database /home/marco/Desktop/TOOL_PREDICTION/MultiLoc2/tmp//ml1473775540.08test.seq

========================[ Sep 13, 2016  4:06 PM ]========================
Version 2.2.26 [Sep-21-2011]
Started database file "/home/marco/Desktop/TOOL_PREDICTION/SherLoc2/tmp//sl1473775586.81test.seq"
Formatted 1 sequences in volume 0
SUCCESS: formatted database /home/marco/Desktop/TOOL_PREDICTION/SherLoc2/tmp//sl1473775586.81test.seq

========================[ Sep 13, 2016  4:06 PM ]========================
Version 2.2.26 [Sep-21-2011]
Started database file "/home/marco/Desktop/TOOL_PREDICTION/MultiLoc2/tmp//ml1473775598.91test.seq"
Formatted 1 sequences in volume 0
SUCCESS: formatted database /home/marco/Desktop/TOOL_PREDICTION/MultiLoc2/tmp//ml1473775598.91test.seq

========================[ Sep 13, 2016  4:07 PM ]========================
Version 2.2.26 [Sep-21-2011]
Started database file "/home/marco/Desktop/TOOL_PREDICTION/SherLoc2/tmp//sl1473775647.48test.seq"
Formatted 1 sequences in volume 0
SUCCESS: formatted database /home/marco/Desktop/TOOL_PREDICTION/SherLoc2/tmp//sl1473775647.48test.seq

========================[ Sep 13, 2016  4:07 PM ]========================
Version 2.2.26 [Sep-21-2011]
Started database file "/home/marco/Desktop/TOOL_PREDICTION/MultiLoc2/tmp//ml1473775659.96test.seq"
Formatted 1 sequences in volume 0
SUCCESS: formatted database /home/marco/Desktop/TOOL_PREDICTION/MultiLoc2/tmp//ml1473775659.96test.seq
