
========================[ Sep 7, 2016  4:51 PM ]========================
Version 2.2.26 [Sep-21-2011]
Started database file "/home/marco/Desktop/TOOL_PREDICTION/SherLoc2/tmp//sl1473259874.47test.seq"
Formatted 1 sequences in volume 0
SUCCESS: formatted database /home/marco/Desktop/TOOL_PREDICTION/SherLoc2/tmp//sl1473259874.47test.seq

========================[ Sep 7, 2016  4:51 PM ]========================
Version 2.2.26 [Sep-21-2011]
Started database file "/home/marco/Desktop/TOOL_PREDICTION/SherLoc2/tmp//sl1473259886.36test.seq"
Formatted 1 sequences in volume 0
SUCCESS: formatted database /home/marco/Desktop/TOOL_PREDICTION/SherLoc2/tmp//sl1473259886.36test.seq

========================[ Sep 7, 2016  4:51 PM ]========================
Version 2.2.26 [Sep-21-2011]
Started database file "/home/marco/Desktop/TOOL_PREDICTION/SherLoc2/tmp//sl1473259893.75test.seq"
Formatted 1 sequences in volume 0
SUCCESS: formatted database /home/marco/Desktop/TOOL_PREDICTION/SherLoc2/tmp//sl1473259893.75test.seq

========================[ Sep 7, 2016  4:51 PM ]========================
Version 2.2.26 [Sep-21-2011]
Started database file "/home/marco/Desktop/TOOL_PREDICTION/SherLoc2/tmp//sl1473259905.83test.seq"
Formatted 1 sequences in volume 0
SUCCESS: formatted database /home/marco/Desktop/TOOL_PREDICTION/SherLoc2/tmp//sl1473259905.83test.seq

========================[ Sep 7, 2016  4:51 PM ]========================
Version 2.2.26 [Sep-21-2011]
Started database file "/home/marco/Desktop/TOOL_PREDICTION/MultiLoc2/tmp//ml1473259918.15test.seq"
Formatted 1 sequences in volume 0
SUCCESS: formatted database /home/marco/Desktop/TOOL_PREDICTION/MultiLoc2/tmp//ml1473259918.15test.seq

========================[ Sep 7, 2016  4:52 PM ]========================
Version 2.2.26 [Sep-21-2011]
Started database file "/home/marco/Desktop/TOOL_PREDICTION/MultiLoc2/tmp//ml1473259922.0test.seq"
Formatted 1 sequences in volume 0
SUCCESS: formatted database /home/marco/Desktop/TOOL_PREDICTION/MultiLoc2/tmp//ml1473259922.0test.seq

========================[ Sep 7, 2016  4:52 PM ]========================
Version 2.2.26 [Sep-21-2011]
Started database file "/home/marco/Desktop/TOOL_PREDICTION/MultiLoc2/tmp//ml1473259924.6test.seq"
Formatted 1 sequences in volume 0
SUCCESS: formatted database /home/marco/Desktop/TOOL_PREDICTION/MultiLoc2/tmp//ml1473259924.6test.seq

========================[ Sep 7, 2016  4:52 PM ]========================
Version 2.2.26 [Sep-21-2011]
Started database file "/home/marco/Desktop/TOOL_PREDICTION/MultiLoc2/tmp//ml1473259928.73test.seq"
Formatted 1 sequences in volume 0
SUCCESS: formatted database /home/marco/Desktop/TOOL_PREDICTION/MultiLoc2/tmp//ml1473259928.73test.seq
